E:\GRAPHICS_PROJ\GRAPHICS L1\DEBUG\TMP\APPLICATIONMANAGER.OBJ
E:\GRAPHICS_PROJ\GRAPHICS L1\DEBUG\TMP\FIRSTPERSONCAMERA.OBJ
E:\GRAPHICS_PROJ\GRAPHICS L1\DEBUG\TMP\MD2LEAGUEOFLEGEND.OBJ
E:\GRAPHICS_PROJ\GRAPHICS L1\DEBUG\TMP\MD3.OBJ
E:\GRAPHICS_PROJ\GRAPHICS L1\DEBUG\TMP\MD5ANIMATION.OBJ
E:\GRAPHICS_PROJ\GRAPHICS L1\DEBUG\TMP\MD5MODEL.OBJ
E:\GRAPHICS_PROJ\GRAPHICS L1\DEBUG\TMP\RENDERER.OBJ
E:\GRAPHICS_PROJ\GRAPHICS L1\DEBUG\TMP\KEYFRAMEANIMATIONSHADER.OBJ
E:\GRAPHICS_PROJ\GRAPHICS L1\DEBUG\TMP\MAIN.OBJ
E:\GRAPHICS_PROJ\GRAPHICS L1\DEBUG\TMP\MD2MODEL.OBJ
E:\GRAPHICS_PROJ\GRAPHICS L1\DEBUG\TMP\MODEL.OBJ
E:\GRAPHICS_PROJ\GRAPHICS L1\DEBUG\TMP\MODEL3D.OBJ
E:\GRAPHICS_PROJ\GRAPHICS L1\DEBUG\TMP\MODELNODE.OBJ
E:\GRAPHICS_PROJ\GRAPHICS L1\DEBUG\TMP\SHADERPROGRAM.OBJ
E:\GRAPHICS_PROJ\GRAPHICS L1\DEBUG\TMP\SHADER.OBJ
E:\GRAPHICS_PROJ\GRAPHICS L1\DEBUG\TMP\TEXTURE.OBJ
E:\GRAPHICS_PROJ\GRAPHICS L1\DEBUG\TMP\TEXTUREDMODEL.OBJ
E:\GRAPHICS_PROJ\GRAPHICS L1\DEBUG\TMP\VERTEXBUFFEROBJECT.OBJ
E:\GRAPHICS_PROJ\GRAPHICS L1\DEBUG\TMP\VC110.PDB
E:\GRAPHICS_PROJ\GRAPHICS L1\DEBUG\TMP\STB_IMAGE.OBJ
E:\GRAPHICS_PROJ\DEBUG\GRAPHICS L1.ILK
E:\GRAPHICS_PROJ\DEBUG\GRAPHICS L1.EXE
E:\GRAPHICS_PROJ\DEBUG\GRAPHICS L1.PDB
E:\Graphics_proj\Graphics L1\Debug\tmp\ApplicationManager.obj
E:\Graphics_proj\Graphics L1\Debug\tmp\FirstPersonCamera.obj
E:\Graphics_proj\Graphics L1\Debug\tmp\KeyFrameAnimationShader.obj
E:\Graphics_proj\Graphics L1\Debug\tmp\main.obj
E:\Graphics_proj\Graphics L1\Debug\tmp\md2LeagueOfLegend.obj
E:\Graphics_proj\Graphics L1\Debug\tmp\md2model.obj
E:\Graphics_proj\Graphics L1\Debug\tmp\Md3.obj
E:\Graphics_proj\Graphics L1\Debug\tmp\MD5Animation.obj
E:\Graphics_proj\Graphics L1\Debug\tmp\MD5Model.obj
E:\Graphics_proj\Graphics L1\Debug\tmp\Model.obj
E:\Graphics_proj\Graphics L1\Debug\tmp\Model3D.obj
E:\Graphics_proj\Graphics L1\Debug\tmp\ModelNode.obj
E:\Graphics_proj\Graphics L1\Debug\tmp\Renderer.obj
E:\Graphics_proj\Graphics L1\Debug\tmp\shader.obj
E:\Graphics_proj\Graphics L1\Debug\tmp\ShaderProgram.obj
E:\Graphics_proj\Graphics L1\Debug\tmp\stb_image.obj
E:\Graphics_proj\Graphics L1\Debug\tmp\texture.obj
E:\Graphics_proj\Graphics L1\Debug\tmp\TexturedModel.obj
E:\Graphics_proj\Graphics L1\Debug\tmp\vertexBufferObject.obj
E:\Graphics_proj\Graphics L1\Debug\tmp\cl.command.1.tlog
E:\Graphics_proj\Graphics L1\Debug\tmp\CL.read.1.tlog
E:\Graphics_proj\Graphics L1\Debug\tmp\CL.write.1.tlog
E:\Graphics_proj\Graphics L1\Debug\tmp\link-cvtres.read.1.tlog
E:\Graphics_proj\Graphics L1\Debug\tmp\link-cvtres.write.1.tlog
E:\Graphics_proj\Graphics L1\Debug\tmp\link-rc.read.1.tlog
E:\Graphics_proj\Graphics L1\Debug\tmp\link-rc.write.1.tlog
E:\Graphics_proj\Graphics L1\Debug\tmp\link.command.1.tlog
E:\Graphics_proj\Graphics L1\Debug\tmp\link.read.1.tlog
E:\Graphics_proj\Graphics L1\Debug\tmp\link.write.1.tlog
E:\Graphics_proj\Graphics L1\Debug\tmp\vc110.idb
E:\Graphics_proj\Graphics L1\Debug\tmp\vc110.pdb
E:\Graphics_proj\Debug\Graphics L1.pdb
E:\Graphics_proj\Debug\Graphics L1.exe
E:\Graphics_proj\Debug\Graphics L1.ilk
